[2024-11-12 19:01:23]	[done]
	build successfully !

[2024-11-12 19:03:48]	[done]
	build successfully !

[2024-11-12 19:04:17]	[done]
	build successfully !

[2024-11-12 19:04:33]	[done]
	build successfully !

[2024-11-12 19:08:41]	[done]
	build successfully !

[2024-11-14 12:06:18]	[done]
	build successfully !

[2024-11-14 12:10:14]	[done]
	build successfully !

[2024-11-14 12:14:45]	compilation failed at : "g:\Keil_WorkSpace\点阵LED_滚动显示\src\Int\Int_MatrixLED.c", exit code: 2
command: 
  "G:\Keil\C51\BIN\C51.exe" .\src\Int\Int_MatrixLED.c OMF2 TABS(4) CODE NOCOND SYMBOLS PRINT(.\build\Release\.obj\src\Int\Int_MatrixLED.lst) INCDIR(../../Keil/C51/INC/STC;../../Keil/C51/INC;src;src/Int;src/Dir;src/Com) DEFINE(__UVISION_VERSION='526') OPTIMIZE(8,SPEED) SMALL ROM(LARGE) OBJECT(.\build\Release\.obj\src\Int\Int_MatrixLED.o)
   at unify_builder.Program.Main(String[] args_)
---
C51 COMPILER V9.60.7.0 - SN: K1DZC-R6FFNC
COPYRIGHT Copyright (C) 2012 - 2022 ARM Limited or its Affiliates. All rights reserved.
*** ERROR C202 IN LINE 88 OF .\SRC\INT\INT_MATRIXLED.C: 'i': undefined identifier

C51 COMPILATION COMPLETE.  0 WARNING(S),  1 ERROR(S)

[2024-11-14 12:15:03]	[done]
	build successfully !

[2024-11-14 12:23:22]	compilation failed at : "g:\Keil_WorkSpace\点阵LED_滚动显示\src\Int\Int_MatrixLED.c", exit code: 2
command: 
  "G:\Keil\C51\BIN\C51.exe" .\src\Int\Int_MatrixLED.c OMF2 TABS(4) CODE NOCOND SYMBOLS PRINT(.\build\Release\.obj\src\Int\Int_MatrixLED.lst) INCDIR(../../Keil/C51/INC/STC;../../Keil/C51/INC;src;src/Int;src/Dir;src/Com) DEFINE(__UVISION_VERSION='526') OPTIMIZE(8,SPEED) SMALL ROM(LARGE) OBJECT(.\build\Release\.obj\src\Int\Int_MatrixLED.o)
   at unify_builder.Program.Main(String[] args_)
---
C51 COMPILER V9.60.7.0 - SN: K1DZC-R6FFNC
COPYRIGHT Copyright (C) 2012 - 2022 ARM Limited or its Affiliates. All rights reserved.
*** WARNING C206 IN LINE 35 OF .\SRC\INT\INT_MATRIXLED.C: 'Dri_Timer0_Register': missing function-prototype
*** ERROR C267 IN LINE 35 OF .\SRC\INT\INT_MATRIXLED.C: 'Dri_Timer0_Register': requires ANSI-style prototype

C51 COMPILATION COMPLETE.  1 WARNING(S),  1 ERROR(S)

[2024-11-14 12:23:55]	[done]
	build successfully !

[2024-11-14 12:29:29]	compilation failed at : "g:\Keil_WorkSpace\点阵LED_滚动显示\src\main.c", exit code: 2
command: 
  "G:\Keil\C51\BIN\C51.exe" .\src\main.c OMF2 TABS(4) CODE NOCOND SYMBOLS PRINT(.\build\Release\.obj\src\main.lst) INCDIR(../../Keil/C51/INC/STC;../../Keil/C51/INC;src;src/Int;src/Dir;src/Com) DEFINE(__UVISION_VERSION='526') OPTIMIZE(8,SPEED) SMALL ROM(LARGE) OBJECT(.\build\Release\.obj\src\main.o)
   at unify_builder.Program.Main(String[] args_)
---
C51 COMPILER V9.60.7.0 - SN: K1DZC-R6FFNC
COPYRIGHT Copyright (C) 2012 - 2022 ARM Limited or its Affiliates. All rights reserved.
*** ERROR C141 IN LINE 31 OF .\SRC\MAIN.C: syntax error near 'Delay1ms', expected ';'
*** ERROR C141 IN LINE 32 OF .\SRC\MAIN.C: syntax error near '}', expected ';'

C51 COMPILATION COMPLETE.  0 WARNING(S),  2 ERROR(S)

[2024-11-14 12:29:45]	[done]
	build successfully !

[2024-11-14 12:30:09]	[done]
	build successfully !

[2024-11-14 12:32:20]	compilation failed at : "g:\Keil_WorkSpace\点阵LED_滚动显示\src\main.c", exit code: 2
command: 
  "G:\Keil\C51\BIN\C51.exe" .\src\main.c OMF2 TABS(4) CODE NOCOND SYMBOLS PRINT(.\build\Release\.obj\src\main.lst) INCDIR(../../Keil/C51/INC/STC;../../Keil/C51/INC;src;src/Int;src/Dir;src/Com) DEFINE(__UVISION_VERSION='526') OPTIMIZE(8,SPEED) SMALL ROM(LARGE) OBJECT(.\build\Release\.obj\src\main.o)
   at unify_builder.Program.Main(String[] args_)
---
C51 COMPILER V9.60.7.0 - SN: K1DZC-R6FFNC
COPYRIGHT Copyright (C) 2012 - 2022 ARM Limited or its Affiliates. All rights reserved.
*** ERROR C141 IN LINE 30 OF .\SRC\MAIN.C: syntax error near '}', expected ';'
*** ERROR C141 IN LINE 33 OF .\SRC\MAIN.C: syntax error near 'if', expected ';'

C51 COMPILATION COMPLETE.  0 WARNING(S),  2 ERROR(S)

[2024-11-14 12:32:29]	compilation failed at : "g:\Keil_WorkSpace\点阵LED_滚动显示\src\main.c", exit code: 2
command: 
  "G:\Keil\C51\BIN\C51.exe" .\src\main.c OMF2 TABS(4) CODE NOCOND SYMBOLS PRINT(.\build\Release\.obj\src\main.lst) INCDIR(../../Keil/C51/INC/STC;../../Keil/C51/INC;src;src/Int;src/Dir;src/Com) DEFINE(__UVISION_VERSION='526') OPTIMIZE(8,SPEED) SMALL ROM(LARGE) OBJECT(.\build\Release\.obj\src\main.o)
   at unify_builder.Program.Main(String[] args_)
---
C51 COMPILER V9.60.7.0 - SN: K1DZC-R6FFNC
COPYRIGHT Copyright (C) 2012 - 2022 ARM Limited or its Affiliates. All rights reserved.
*** ERROR C141 IN LINE 30 OF .\SRC\MAIN.C: syntax error near '}', expected ';'

C51 COMPILATION COMPLETE.  0 WARNING(S),  1 ERROR(S)

[2024-11-14 12:32:34]	[done]
	build successfully !

[2024-11-14 12:33:01]	compilation failed at : "g:\Keil_WorkSpace\点阵LED_滚动显示\src\main.c", exit code: 2
command: 
  "G:\Keil\C51\BIN\C51.exe" .\src\main.c OMF2 TABS(4) CODE NOCOND SYMBOLS PRINT(.\build\Release\.obj\src\main.lst) INCDIR(../../Keil/C51/INC/STC;../../Keil/C51/INC;src;src/Int;src/Dir;src/Com) DEFINE(__UVISION_VERSION='526') OPTIMIZE(8,SPEED) SMALL ROM(LARGE) OBJECT(.\build\Release\.obj\src\main.o)
   at unify_builder.Program.Main(String[] args_)
---
C51 COMPILER V9.60.7.0 - SN: K1DZC-R6FFNC
COPYRIGHT Copyright (C) 2012 - 2022 ARM Limited or its Affiliates. All rights reserved.
*** ERROR C141 IN LINE 31 OF .\SRC\MAIN.C: syntax error near '}', expected ';'

C51 COMPILATION COMPLETE.  0 WARNING(S),  1 ERROR(S)

[2024-11-14 12:33:07]	[done]
	build successfully !

[2024-11-14 12:34:36]	[done]
	build successfully !

