[2024-11-06 15:22:45]	compilation failed at : "g:\Keil_WorkSpace\·äÃùÆ÷\src\Int\Int_Buzzer.c", exit code: 2
command: 
  "G:\Keil\C51\BIN\C51.exe" .\src\Int\Int_Buzzer.c OMF2 TABS(4) CODE NOCOND SYMBOLS PRINT(.\build\Release\.obj\src\Int\Int_Buzzer.lst) INCDIR(../../Keil/C51/INC/STC;../../Keil/C51/INC;src;src/Int;src/Com) DEFINE(__UVISION_VERSION='526') OPTIMIZE(8,SPEED) SMALL ROM(LARGE) OBJECT(.\build\Release\.obj\src\Int\Int_Buzzer.o)
   at unify_builder.Program.Main(String[] args_)
---
C51 COMPILER V9.60.7.0 - SN: K1DZC-R6FFNC
COPYRIGHT Copyright (C) 2012 - 2022 ARM Limited or its Affiliates. All rights reserved.
*** WARNING C318 IN LINE 2 OF .\SRC\INT\INT_BUZZER.C: can't open file 'Com_Util.h'
*** ERROR C202 IN LINE 6 OF .\SRC\INT\INT_BUZZER.C: 'u8': undefined identifier
*** ERROR C141 IN LINE 6 OF .\SRC\INT\INT_BUZZER.C: syntax error near 'count', expected ';'
*** ERROR C202 IN LINE 8 OF .\SRC\INT\INT_BUZZER.C: 'count': undefined identifier

C51 COMPILATION COMPLETE.  1 WARNING(S),  3 ERROR(S)

[2024-11-06 15:23:55]	compilation failed at : "g:\Keil_WorkSpace\·äÃùÆ÷\src\Int\Int_DigitalTube.c", exit code: 2
command: 
  "G:\Keil\C51\BIN\C51.exe" .\src\Int\Int_DigitalTube.c OMF2 TABS(4) CODE NOCOND SYMBOLS PRINT(.\build\Release\.obj\src\Int\Int_DigitalTube.lst) INCDIR(../../Keil/C51/INC/STC;../../Keil/C51/INC;src;src/Int;src/Com) DEFINE(__UVISION_VERSION='526') OPTIMIZE(8,SPEED) SMALL ROM(LARGE) OBJECT(.\build\Release\.obj\src\Int\Int_DigitalTube.o)
   at unify_builder.Program.Main(String[] args_)
---
C51 COMPILER V9.60.7.0 - SN: K1DZC-R6FFNC
COPYRIGHT Copyright (C) 2012 - 2022 ARM Limited or its Affiliates. All rights reserved.
*** WARNING C318 IN LINE 5 OF .\SRC\INT\Int_DigitalTube.h: can't open file 'Com_Util.h'
*** ERROR C129 IN LINE 5 OF .\SRC\INT\INT_DIGITALTUBE.C: missing ';' before 's_digital_code'

C51 COMPILATION COMPLETE.  1 WARNING(S),  1 ERROR(S)

[2024-11-06 15:24:38]	compilation failed at : "g:\Keil_WorkSpace\·äÃùÆ÷\src\Com\Com_Util.c", exit code: 2
command: 
  "G:\Keil\C51\BIN\C51.exe" .\src\Com\Com_Util.c OMF2 TABS(4) CODE NOCOND SYMBOLS PRINT(.\build\Release\.obj\src\Com\Com_Util.lst) INCDIR(../../Keil/C51/INC/STC;../../Keil/C51/INC;src;src/Int;src/Com) DEFINE(__UVISION_VERSION='526') OPTIMIZE(8,SPEED) SMALL ROM(LARGE) OBJECT(.\build\Release\.obj\src\Com\Com_Util.o)
   at unify_builder.Program.Main(String[] args_)
---
C51 COMPILER V9.60.7.0 - SN: K1DZC-R6FFNC
COPYRIGHT Copyright (C) 2012 - 2022 ARM Limited or its Affiliates. All rights reserved.
*** WARNING C318 IN LINE 1 OF .\SRC\COM\COM_UTIL.C: can't open file 'Util.h'
*** ERROR C141 IN LINE 3 OF .\SRC\COM\COM_UTIL.C: syntax error near 'count', expected ')'
*** ERROR C202 IN LINE 5 OF .\SRC\COM\COM_UTIL.C: 'u8': undefined identifier
*** ERROR C141 IN LINE 5 OF .\SRC\COM\COM_UTIL.C: syntax error near 'i', expected ';'
*** ERROR C202 IN LINE 7 OF .\SRC\COM\COM_UTIL.C: 'count': undefined identifier
*** ERROR C202 IN LINE 9 OF .\SRC\COM\COM_UTIL.C: 'count': undefined identifier

C51 COMPILATION COMPLETE.  1 WARNING(S),  5 ERROR(S)

[2024-11-06 15:24:52]	compilation failed at : "g:\Keil_WorkSpace\·äÃùÆ÷\src\main.c", exit code: 2
command: 
  "G:\Keil\C51\BIN\C51.exe" .\src\main.c OMF2 TABS(4) CODE NOCOND SYMBOLS PRINT(.\build\Release\.obj\src\main.lst) INCDIR(../../Keil/C51/INC/STC;../../Keil/C51/INC;src;src/Int;src/Com) DEFINE(__UVISION_VERSION='526') OPTIMIZE(8,SPEED) SMALL ROM(LARGE) OBJECT(.\build\Release\.obj\src\main.o)
   at unify_builder.Program.Main(String[] args_)
---
C51 COMPILER V9.60.7.0 - SN: K1DZC-R6FFNC
COPYRIGHT Copyright (C) 2012 - 2022 ARM Limited or its Affiliates. All rights reserved.
*** ERROR C202 IN LINE 3 OF .\SRC\MAIN.C: 'u8': undefined identifier
*** ERROR C141 IN LINE 3 OF .\SRC\MAIN.C: syntax error near 'key', expected ';'

C51 COMPILATION COMPLETE.  0 WARNING(S),  2 ERROR(S)

[2024-11-06 15:25:26]	compilation failed at : "g:\Keil_WorkSpace\·äÃùÆ÷\src\main.c", exit code: 2
command: 
  "G:\Keil\C51\BIN\C51.exe" .\src\main.c OMF2 TABS(4) CODE NOCOND SYMBOLS PRINT(.\build\Release\.obj\src\main.lst) INCDIR(../../Keil/C51/INC/STC;../../Keil/C51/INC;src;src/Int;src/Com) DEFINE(__UVISION_VERSION='526') OPTIMIZE(8,SPEED) SMALL ROM(LARGE) OBJECT(.\build\Release\.obj\src\main.o)
   at unify_builder.Program.Main(String[] args_)
---
C51 COMPILER V9.60.7.0 - SN: K1DZC-R6FFNC
COPYRIGHT Copyright (C) 2012 - 2022 ARM Limited or its Affiliates. All rights reserved.
*** ERROR C202 IN LINE 6 OF .\SRC\MAIN.C: 'u8': undefined identifier
*** ERROR C141 IN LINE 6 OF .\SRC\MAIN.C: syntax error near 'key', expected ';'

C51 COMPILATION COMPLETE.  0 WARNING(S),  2 ERROR(S)

[2024-11-06 15:26:06]	[done]
	build successfully !

[2024-11-06 15:30:40]	[done]
	build successfully !

[2024-11-06 22:23:56]	[done]
	build successfully !

