[2024-10-31 17:16:15]	compilation failed at : "g:\Keil_WorkSpace\动态数码管-模块化\src\Int\Int_DigitalTube.c", exit code: 2
command: 
  "G:\Keil\C51\BIN\C51.exe" .\src\Int\Int_DigitalTube.c OMF2 TABS(4) CODE NOCOND SYMBOLS PRINT(.\build\Release\.obj\src\Int\Int_DigitalTube.lst) INCDIR(../../Keil/C51/INC/STC;../../Keil/C51/INC;src;src/Int;src/Com) DEFINE(__UVISION_VERSION='526') OPTIMIZE(8,SPEED) SMALL ROM(LARGE) OBJECT(.\build\Release\.obj\src\Int\Int_DigitalTube.o)
   at unify_builder.Program.Main(String[] args_)
---
C51 COMPILER V9.60.7.0 - SN: K1DZC-R6FFNC
COPYRIGHT Copyright (C) 2012 - 2022 ARM Limited or its Affiliates. All rights reserved.
*** WARNING C206 IN LINE 31 OF .\SRC\INT\INT_DIGITALTUBE.C: 'DigitalTube_DisplaySingle': missing function-prototype
*** ERROR C267 IN LINE 31 OF .\SRC\INT\INT_DIGITALTUBE.C: 'DigitalTube_DisplaySingle': requires ANSI-style prototype
*** ERROR C202 IN LINE 38 OF .\SRC\INT\INT_DIGITALTUBE.C: 'digital_code': undefined identifier
*** ERROR C141 IN LINE 49 OF .\SRC\INT\INT_DIGITALTUBE.C: syntax error near 'int', expected '__asm'
*** ERROR C202 IN LINE 49 OF .\SRC\INT\INT_DIGITALTUBE.C: 'i': undefined identifier
*** ERROR C202 IN LINE 50 OF .\SRC\INT\INT_DIGITALTUBE.C: 'i': undefined identifier
*** ERROR C202 IN LINE 52 OF .\SRC\INT\INT_DIGITALTUBE.C: 'i': undefined identifier

C51 COMPILATION COMPLETE.  1 WARNING(S),  6 ERROR(S)

[2024-10-31 17:17:15]	compilation failed at : "g:\Keil_WorkSpace\动态数码管-模块化\src\Int\Int_DigitalTube.c", exit code: 2
command: 
  "G:\Keil\C51\BIN\C51.exe" .\src\Int\Int_DigitalTube.c OMF2 TABS(4) CODE NOCOND SYMBOLS PRINT(.\build\Release\.obj\src\Int\Int_DigitalTube.lst) INCDIR(../../Keil/C51/INC/STC;../../Keil/C51/INC;src;src/Int;src/Com) DEFINE(__UVISION_VERSION='526') OPTIMIZE(8,SPEED) SMALL ROM(LARGE) OBJECT(.\build\Release\.obj\src\Int\Int_DigitalTube.o)
   at unify_builder.Program.Main(String[] args_)
---
C51 COMPILER V9.60.7.0 - SN: K1DZC-R6FFNC
COPYRIGHT Copyright (C) 2012 - 2022 ARM Limited or its Affiliates. All rights reserved.
*** WARNING C206 IN LINE 31 OF .\SRC\INT\INT_DIGITALTUBE.C: 'Int_DigitalTube_DisplaySingle': missing function-prototype
*** ERROR C267 IN LINE 31 OF .\SRC\INT\INT_DIGITALTUBE.C: 'Int_DigitalTube_DisplaySingle': requires ANSI-style prototype
*** ERROR C202 IN LINE 38 OF .\SRC\INT\INT_DIGITALTUBE.C: 'digital_code': undefined identifier

C51 COMPILATION COMPLETE.  1 WARNING(S),  2 ERROR(S)

[2024-10-31 17:18:44]	compilation failed at : "g:\Keil_WorkSpace\动态数码管-模块化\src\Int\Int_DigitalTube.c", exit code: 2
command: 
  "G:\Keil\C51\BIN\C51.exe" .\src\Int\Int_DigitalTube.c OMF2 TABS(4) CODE NOCOND SYMBOLS PRINT(.\build\Release\.obj\src\Int\Int_DigitalTube.lst) INCDIR(../../Keil/C51/INC/STC;../../Keil/C51/INC;src;src/Int;src/Com) DEFINE(__UVISION_VERSION='526') OPTIMIZE(8,SPEED) SMALL ROM(LARGE) OBJECT(.\build\Release\.obj\src\Int\Int_DigitalTube.o)
   at unify_builder.Program.Main(String[] args_)
---
C51 COMPILER V9.60.7.0 - SN: K1DZC-R6FFNC
COPYRIGHT Copyright (C) 2012 - 2022 ARM Limited or its Affiliates. All rights reserved.
*** WARNING C206 IN LINE 39 OF .\SRC\INT\INT_DIGITALTUBE.C: 'Int_DigitalTube_DisplaySingle': missing function-prototype
*** ERROR C267 IN LINE 39 OF .\SRC\INT\INT_DIGITALTUBE.C: 'Int_DigitalTube_DisplaySingle': requires ANSI-style prototype
*** ERROR C202 IN LINE 46 OF .\SRC\INT\INT_DIGITALTUBE.C: 'digital_code': undefined identifier

C51 COMPILATION COMPLETE.  1 WARNING(S),  2 ERROR(S)

[2024-10-31 17:19:04]	compilation failed at : "g:\Keil_WorkSpace\动态数码管-模块化\src\Int\Int_DigitalTube.c", exit code: 2
command: 
  "G:\Keil\C51\BIN\C51.exe" .\src\Int\Int_DigitalTube.c OMF2 TABS(4) CODE NOCOND SYMBOLS PRINT(.\build\Release\.obj\src\Int\Int_DigitalTube.lst) INCDIR(../../Keil/C51/INC/STC;../../Keil/C51/INC;src;src/Int;src/Com) DEFINE(__UVISION_VERSION='526') OPTIMIZE(8,SPEED) SMALL ROM(LARGE) OBJECT(.\build\Release\.obj\src\Int\Int_DigitalTube.o)
   at unify_builder.Program.Main(String[] args_)
---
C51 COMPILER V9.60.7.0 - SN: K1DZC-R6FFNC
COPYRIGHT Copyright (C) 2012 - 2022 ARM Limited or its Affiliates. All rights reserved.
*** ERROR C202 IN LINE 46 OF .\SRC\INT\INT_DIGITALTUBE.C: 'digital_code': undefined identifier

C51 COMPILATION COMPLETE.  0 WARNING(S),  1 ERROR(S)

[2024-10-31 17:19:25]	compilation failed at : "g:\Keil_WorkSpace\动态数码管-模块化\src\Int\Int_DigitalTube.c", exit code: 2
command: 
  "G:\Keil\C51\BIN\C51.exe" .\src\Int\Int_DigitalTube.c OMF2 TABS(4) CODE NOCOND SYMBOLS PRINT(.\build\Release\.obj\src\Int\Int_DigitalTube.lst) INCDIR(../../Keil/C51/INC/STC;../../Keil/C51/INC;src;src/Int;src/Com) DEFINE(__UVISION_VERSION='526') OPTIMIZE(8,SPEED) SMALL ROM(LARGE) OBJECT(.\build\Release\.obj\src\Int\Int_DigitalTube.o)
   at unify_builder.Program.Main(String[] args_)
---
C51 COMPILER V9.60.7.0 - SN: K1DZC-R6FFNC
COPYRIGHT Copyright (C) 2012 - 2022 ARM Limited or its Affiliates. All rights reserved.
*** WARNING C206 IN LINE 61 OF .\SRC\INT\INT_DIGITALTUBE.C: 'DigitalTube_DisplaySingle': missing function-prototype
*** ERROR C267 IN LINE 61 OF .\SRC\INT\INT_DIGITALTUBE.C: 'DigitalTube_DisplaySingle': requires ANSI-style prototype

C51 COMPILATION COMPLETE.  1 WARNING(S),  1 ERROR(S)

[2024-10-31 17:19:52]	[done]
	build successfully !

[2024-10-31 17:20:00]	[done]
	build successfully !

