[2024-11-08 21:49:21]	compilation failed at : "g:\Keil_WorkSpace\定时器LED闪烁\src\Dir\Dri_Timer0.c", exit code: 2
command: 
  "G:\Keil\C51\BIN\C51.exe" .\src\Dir\Dri_Timer0.c OMF2 TABS(4) CODE NOCOND SYMBOLS PRINT(.\build\Release\.obj\src\Dir\Dri_Timer0.lst) INCDIR(../../Keil/C51/INC/STC;../../Keil/C51/INC;src;src/Com;src/Dir) DEFINE(__UVISION_VERSION='526') OPTIMIZE(8,SPEED) SMALL ROM(LARGE) OBJECT(.\build\Release\.obj\src\Dir\Dri_Timer0.o)
   at unify_builder.Program.Main(String[] args_)
---
C51 COMPILER V9.60.7.0 - SN: K1DZC-R6FFNC
COPYRIGHT Copyright (C) 2012 - 2022 ARM Limited or its Affiliates. All rights reserved.
*** ERROR C141 IN LINE 13 OF .\SRC\DIR\DRI_TIMER0.C: syntax error near '=', expected 'sizeof'
*** ERROR C141 IN LINE 14 OF .\SRC\DIR\DRI_TIMER0.C: syntax error near '=', expected 'sizeof'

C51 COMPILATION COMPLETE.  0 WARNING(S),  2 ERROR(S)

[2024-11-08 21:49:39]	[done]
	build successfully !

[2024-11-08 21:58:12]	[done]
	build successfully !

[2024-11-08 21:58:51]	[done]
	build successfully !

[2024-11-08 21:59:20]	[done]
	build successfully !

[2024-11-08 22:08:21]	compilation failed at : "g:\Keil_WorkSpace\定时器LED闪烁\src\main.c", exit code: 2
command: 
  "G:\Keil\C51\BIN\C51.exe" .\src\main.c OMF2 TABS(4) CODE NOCOND SYMBOLS PRINT(.\build\Release\.obj\src\main.lst) INCDIR(../../Keil/C51/INC/STC;../../Keil/C51/INC;src;src/Dir;src/Com) DEFINE(__UVISION_VERSION='526') OPTIMIZE(8,SPEED) SMALL ROM(LARGE) OBJECT(.\build\Release\.obj\src\main.o)
   at unify_builder.Program.Main(String[] args_)
---
C51 COMPILER V9.60.7.0 - SN: K1DZC-R6FFNC
COPYRIGHT Copyright (C) 2012 - 2022 ARM Limited or its Affiliates. All rights reserved.
*** ERROR C141 IN LINE 13 OF .\SRC\MAIN.C: syntax error near ')', expected 'sizeof'
*** ERROR C141 IN LINE 14 OF .\SRC\MAIN.C: syntax error near '}', expected '__asm'

C51 COMPILATION COMPLETE.  0 WARNING(S),  2 ERROR(S)

[2024-11-08 22:08:35]	compilation failed at : "g:\Keil_WorkSpace\定时器LED闪烁\src\main.c", exit code: 2
command: 
  "G:\Keil\C51\BIN\C51.exe" .\src\main.c OMF2 TABS(4) CODE NOCOND SYMBOLS PRINT(.\build\Release\.obj\src\main.lst) INCDIR(../../Keil/C51/INC/STC;../../Keil/C51/INC;src;src/Dir;src/Com) DEFINE(__UVISION_VERSION='526') OPTIMIZE(8,SPEED) SMALL ROM(LARGE) OBJECT(.\build\Release\.obj\src\main.o)
   at unify_builder.Program.Main(String[] args_)
---
C51 COMPILER V9.60.7.0 - SN: K1DZC-R6FFNC
COPYRIGHT Copyright (C) 2012 - 2022 ARM Limited or its Affiliates. All rights reserved.
*** ERROR C141 IN LINE 15 OF .\SRC\MAIN.C: syntax error near 'void', expected '__asm'

C51 COMPILATION COMPLETE.  0 WARNING(S),  1 ERROR(S)

[2024-11-08 22:09:01]	[done]
	build successfully !

[2024-11-08 22:12:24]	[done]
	build successfully !

[2024-11-08 22:15:27]	compilation failed at : "g:\Keil_WorkSpace\定时器LED闪烁\src\main.c", exit code: 2
command: 
  "G:\Keil\C51\BIN\C51.exe" .\src\main.c OMF2 TABS(4) CODE NOCOND SYMBOLS PRINT(.\build\Release\.obj\src\main.lst) INCDIR(../../Keil/C51/INC/STC;../../Keil/C51/INC;src;src/Dir;src/Com) DEFINE(__UVISION_VERSION='526') OPTIMIZE(8,SPEED) SMALL ROM(LARGE) OBJECT(.\build\Release\.obj\src\main.o)
   at unify_builder.Program.Main(String[] args_)
---
C51 COMPILER V9.60.7.0 - SN: K1DZC-R6FFNC
COPYRIGHT Copyright (C) 2012 - 2022 ARM Limited or its Affiliates. All rights reserved.
*** ERROR C141 IN LINE 15 OF .\SRC\MAIN.C: syntax error near 'if', expected ';'

C51 COMPILATION COMPLETE.  0 WARNING(S),  1 ERROR(S)

[2024-11-08 22:16:13]	[done]
	build successfully !

[2024-11-08 22:17:29]	[done]
	build successfully !

