[2024-11-02 11:33:10]	compilation failed at : "g:\Keil_WorkSpace\独立按键\src\main.c", exit code: 2
command: 
  "G:\Keil\C51\BIN\C51.exe" .\src\main.c OMF2 TABS(4) CODE NOCOND SYMBOLS PRINT(.\build\Release\.obj\src\main.lst) INCDIR(../../Keil/C51/INC/STC;../../Keil/C51/INC;src;src/Com) DEFINE(__UVISION_VERSION='526') OPTIMIZE(8,SPEED) SMALL ROM(LARGE) OBJECT(.\build\Release\.obj\src\main.o)
   at unify_builder.Program.Main(String[] args_)
---
C51 COMPILER V9.60.7.0 - SN: K1DZC-R6FFNC
COPYRIGHT Copyright (C) 2012 - 2022 ARM Limited or its Affiliates. All rights reserved.
*** WARNING C318 IN LINE 1 OF .\SRC\MAIN.C: can't open file 'STC89C5RC.H'
*** ERROR C202 IN LINE 15 OF .\SRC\MAIN.C: 'P42': undefined identifier
*** ERROR C202 IN LINE 17 OF .\SRC\MAIN.C: 'P00': undefined identifier
*** ERROR C202 IN LINE 19 OF .\SRC\MAIN.C: 'P43': undefined identifier
*** ERROR C202 IN LINE 20 OF .\SRC\MAIN.C: 'P01': undefined identifier
*** ERROR C202 IN LINE 23 OF .\SRC\MAIN.C: 'P32': undefined identifier
*** ERROR C202 IN LINE 24 OF .\SRC\MAIN.C: 'P02': undefined identifier
*** ERROR C202 IN LINE 27 OF .\SRC\MAIN.C: 'P33': undefined identifier
*** ERROR C202 IN LINE 28 OF .\SRC\MAIN.C: 'P03': undefined identifier

C51 COMPILATION COMPLETE.  1 WARNING(S),  8 ERROR(S)

[2024-11-02 11:33:41]	[done]
	build successfully !

[2024-11-02 11:35:39]	[done]
	build successfully !

[2024-11-02 11:36:48]	[done]
	build successfully !

[2024-11-03 08:51:34]	compilation failed at : "g:\Keil_WorkSpace\独立按键\src\main.c", exit code: 2
command: 
  "G:\Keil\C51\BIN\C51.exe" .\src\main.c OMF2 TABS(4) CODE NOCOND SYMBOLS PRINT(.\build\Release\.obj\src\main.lst) INCDIR(../../Keil/C51/INC/STC;../../Keil/C51/INC;src;src/Com) DEFINE(__UVISION_VERSION='526') OPTIMIZE(8,SPEED) SMALL ROM(LARGE) OBJECT(.\build\Release\.obj\src\main.o)
   at unify_builder.Program.Main(String[] args_)
---
C51 COMPILER V9.60.7.0 - SN: K1DZC-R6FFNC
COPYRIGHT Copyright (C) 2012 - 2022 ARM Limited or its Affiliates. All rights reserved.
*** WARNING C206 IN LINE 16 OF .\SRC\MAIN.C: 'Delay1ms': missing function-prototype
*** ERROR C267 IN LINE 16 OF .\SRC\MAIN.C: 'Delay1ms': requires ANSI-style prototype

C51 COMPILATION COMPLETE.  1 WARNING(S),  1 ERROR(S)

[2024-11-03 08:54:43]	[done]
	build successfully !

[2024-11-03 09:00:24]	[done]
	build successfully !

